[ 50%] [32mBuilding CXX object CMakeFiles/camera_subscriber.dir/src/camera_subscriber.cpp.o[0m
[ 50%] [32mBuilding CXX object CMakeFiles/camera_publisher.dir/src/camera_publisher.cpp.o[0m
[01m[K/home/luis/my_ws/src/multicamera/src/camera_publisher.cpp:[m[K In constructor â€˜[01m[KSerialPort::[01;32m[KSerialPort[m[K(const std::string&, int)[m[Kâ€™:
[01m[K/home/luis/my_ws/src/multicamera/src/camera_publisher.cpp:25:25:[m[K [01;31m[Kerror: [m[Kaggregate â€˜[01m[KSerialPort::SerialPort(const std::string&, int)::termios2 t[m[Kâ€™ has incomplete type and cannot be defined
   25 |         struct termios2 [01;31m[Kt[m[K;
      |                         [01;31m[K^[m[K
In file included from [01m[K/usr/include/x86_64-linux-gnu/asm/ioctl.h:1[m[K,
                 from [01m[K/usr/include/linux/ioctl.h:5[m[K,
                 from [01m[K/usr/include/asm-generic/ioctls.h:5[m[K,
                 from [01m[K/usr/include/x86_64-linux-gnu/asm/ioctls.h:1[m[K,
                 from [01m[K/usr/include/x86_64-linux-gnu/bits/ioctls.h:23[m[K,
                 from [01m[K/usr/include/x86_64-linux-gnu/sys/ioctl.h:26[m[K,
                 from [01m[K/home/luis/my_ws/src/multicamera/src/camera_publisher.cpp:1[m[K:
[01m[K/home/luis/my_ws/src/multicamera/src/camera_publisher.cpp:26:24:[m[K [01;31m[Kerror: [m[Kinvalid application of â€˜[01m[Ksizeof[m[Kâ€™ to incomplete type â€˜[01m[KSerialPort::SerialPort(const std::string&, int)::termios2[m[Kâ€™
   26 |         if (ioctl(fd_, [01;31m[KTCGETS2[m[K, &t) < 0)
      |                        [01;31m[K^~~~~~~[m[K
[01m[K/home/luis/my_ws/src/multicamera/src/camera_publisher.cpp:39:22:[m[K [01;31m[Kerror: [m[Kâ€˜[01m[KBOTHER[m[Kâ€™ was not declared in this scope
   39 |         t.c_cflag |= [01;31m[KBOTHER[m[K;
      |                      [01;31m[K^~~~~~[m[K
[01m[K/home/luis/my_ws/src/multicamera/src/camera_publisher.cpp:43:24:[m[K [01;31m[Kerror: [m[Kinvalid application of â€˜[01m[Ksizeof[m[Kâ€™ to incomplete type â€˜[01m[KSerialPort::SerialPort(const std::string&, int)::termios2[m[Kâ€™
   43 |         if (ioctl(fd_, [01;31m[KTCSETS2[m[K, &t) < 0)
      |                        [01;31m[K^~~~~~~[m[K
gmake[2]: *** [CMakeFiles/camera_publisher.dir/build.make:76: CMakeFiles/camera_publisher.dir/src/camera_publisher.cpp.o] Error 1
gmake[1]: *** [CMakeFiles/Makefile2:139: CMakeFiles/camera_publisher.dir/all] Error 2
gmake[1]: *** Waiting for unfinished jobs....
[ 75%] [32m[1mLinking CXX executable camera_subscriber[0m
[ 75%] Built target camera_subscriber
gmake: *** [Makefile:146: all] Error 2
