[0.033s] Invoking command in '/home/luis/my_ws/build/multicamera': CMAKE_PREFIX_PATH=/home/luis/my_ws/install/cv_bridge:/home/luis/my_ws/install/vision_opencv:/home/luis/my_ws/install/rocket:/home/luis/my_ws/install/my_msgs:/home/luis/my_ws/install/multicamera:/home/luis/my_ws/install/image_geometry:/home/luis/my_ws/install/camara:/opt/ros/jazzy/opt/gz_math_vendor:/opt/ros/jazzy/opt/gz_utils_vendor:/opt/ros/jazzy/opt/gz_cmake_vendor:/home/luis/my_ws/install/opencv_tests:/home/luis/my_ws/install/iarocks_py:/opt/ros/jazzy DEBUGINFOD_URLS=https://debuginfod.ubuntu.com LD_LIBRARY_PATH=/home/luis/my_ws/install/cv_bridge/lib:/home/luis/my_ws/install/my_msgs/lib:/home/luis/my_ws/install/image_geometry/lib:/opt/ros/jazzy/opt/rviz_ogre_vendor/lib:/opt/ros/jazzy/lib/x86_64-linux-gnu:/opt/ros/jazzy/opt/gz_math_vendor/lib:/opt/ros/jazzy/opt/gz_utils_vendor/lib:/opt/ros/jazzy/opt/gz_cmake_vendor/lib:/opt/ros/jazzy/lib PYTHONPATH=/home/luis/my_ws/install/cv_bridge/lib/python3.12/site-packages:/home/luis/my_ws/install/opencv_tests/lib/python3.12/site-packages:/home/luis/my_ws/install/my_msgs/lib/python3.12/site-packages:/home/luis/my_ws/install/image_geometry/lib/python3.12/site-packages:/home/luis/my_ws/install/iarocks_py/lib/python3.12/site-packages:/opt/ros/jazzy/lib/python3.12/site-packages /usr/bin/cmake --build /home/luis/my_ws/build/multicamera -- -j12 -l12
[0.527s] [ 25%] [32mBuilding CXX object CMakeFiles/camera_subscriber.dir/src/camera_subscriber.cpp.o[0m
[0.528s] [ 50%] [32mBuilding CXX object CMakeFiles/camera_publisher.dir/src/camera_publisher.cpp.o[0m
[3.963s] [01m[K/home/luis/my_ws/src/multicamera/src/camera_publisher.cpp:[m[K In constructor â€˜[01m[KSerialPort::[01;32m[KSerialPort[m[K(const std::string&, int)[m[Kâ€™:
[3.963s] [01m[K/home/luis/my_ws/src/multicamera/src/camera_publisher.cpp:25:25:[m[K [01;31m[Kerror: [m[Kaggregate â€˜[01m[KSerialPort::SerialPort(const std::string&, int)::termios2 t[m[Kâ€™ has incomplete type and cannot be defined
[3.964s]    25 |         struct termios2 [01;31m[Kt[m[K;
[3.964s]       |                         [01;31m[K^[m[K
[3.964s] In file included from [01m[K/usr/include/x86_64-linux-gnu/asm/ioctl.h:1[m[K,
[3.964s]                  from [01m[K/usr/include/linux/ioctl.h:5[m[K,
[3.964s]                  from [01m[K/usr/include/asm-generic/ioctls.h:5[m[K,
[3.965s]                  from [01m[K/usr/include/x86_64-linux-gnu/asm/ioctls.h:1[m[K,
[3.965s]                  from [01m[K/usr/include/x86_64-linux-gnu/bits/ioctls.h:23[m[K,
[3.965s]                  from [01m[K/usr/include/x86_64-linux-gnu/sys/ioctl.h:26[m[K,
[3.965s]                  from [01m[K/home/luis/my_ws/src/multicamera/src/camera_publisher.cpp:1[m[K:
[3.965s] [01m[K/home/luis/my_ws/src/multicamera/src/camera_publisher.cpp:26:24:[m[K [01;31m[Kerror: [m[Kinvalid application of â€˜[01m[Ksizeof[m[Kâ€™ to incomplete type â€˜[01m[KSerialPort::SerialPort(const std::string&, int)::termios2[m[Kâ€™
[3.965s]    26 |         if (ioctl(fd_, [01;31m[KTCGETS2[m[K, &t) < 0)
[3.966s]       |                        [01;31m[K^~~~~~~[m[K
[3.974s] [01m[K/home/luis/my_ws/src/multicamera/src/camera_publisher.cpp:39:22:[m[K [01;31m[Kerror: [m[Kâ€˜[01m[KBOTHER[m[Kâ€™ was not declared in this scope
[3.974s]    39 |         t.c_cflag |= [01;31m[KBOTHER[m[K;
[3.974s]       |                      [01;31m[K^~~~~~[m[K
[3.974s] [01m[K/home/luis/my_ws/src/multicamera/src/camera_publisher.cpp:43:24:[m[K [01;31m[Kerror: [m[Kinvalid application of â€˜[01m[Ksizeof[m[Kâ€™ to incomplete type â€˜[01m[KSerialPort::SerialPort(const std::string&, int)::termios2[m[Kâ€™
[3.975s]    43 |         if (ioctl(fd_, [01;31m[KTCSETS2[m[K, &t) < 0)
[3.975s]       |                        [01;31m[K^~~~~~~[m[K
[5.230s] gmake[2]: *** [CMakeFiles/camera_publisher.dir/build.make:76: CMakeFiles/camera_publisher.dir/src/camera_publisher.cpp.o] Error 1
[5.230s] gmake[1]: *** [CMakeFiles/Makefile2:139: CMakeFiles/camera_publisher.dir/all] Error 2
[5.230s] gmake[1]: *** Waiting for unfinished jobs....
[9.415s] [ 75%] [32m[1mLinking CXX executable camera_subscriber[0m
[10.045s] [ 75%] Built target camera_subscriber
[10.047s] gmake: *** [Makefile:146: all] Error 2
[10.049s] Invoked command in '/home/luis/my_ws/build/multicamera' returned '2': CMAKE_PREFIX_PATH=/home/luis/my_ws/install/cv_bridge:/home/luis/my_ws/install/vision_opencv:/home/luis/my_ws/install/rocket:/home/luis/my_ws/install/my_msgs:/home/luis/my_ws/install/multicamera:/home/luis/my_ws/install/image_geometry:/home/luis/my_ws/install/camara:/opt/ros/jazzy/opt/gz_math_vendor:/opt/ros/jazzy/opt/gz_utils_vendor:/opt/ros/jazzy/opt/gz_cmake_vendor:/home/luis/my_ws/install/opencv_tests:/home/luis/my_ws/install/iarocks_py:/opt/ros/jazzy DEBUGINFOD_URLS=https://debuginfod.ubuntu.com LD_LIBRARY_PATH=/home/luis/my_ws/install/cv_bridge/lib:/home/luis/my_ws/install/my_msgs/lib:/home/luis/my_ws/install/image_geometry/lib:/opt/ros/jazzy/opt/rviz_ogre_vendor/lib:/opt/ros/jazzy/lib/x86_64-linux-gnu:/opt/ros/jazzy/opt/gz_math_vendor/lib:/opt/ros/jazzy/opt/gz_utils_vendor/lib:/opt/ros/jazzy/opt/gz_cmake_vendor/lib:/opt/ros/jazzy/lib PYTHONPATH=/home/luis/my_ws/install/cv_bridge/lib/python3.12/site-packages:/home/luis/my_ws/install/opencv_tests/lib/python3.12/site-packages:/home/luis/my_ws/install/my_msgs/lib/python3.12/site-packages:/home/luis/my_ws/install/image_geometry/lib/python3.12/site-packages:/home/luis/my_ws/install/iarocks_py/lib/python3.12/site-packages:/opt/ros/jazzy/lib/python3.12/site-packages /usr/bin/cmake --build /home/luis/my_ws/build/multicamera -- -j12 -l12
